[ 2018-07-26T15:55:16+08:00 ] 127.0.0.1 /index.php/Admin/Public/login.html
INFO: [ app_begin ] --START--
INFO: Run Behavior\ReadHtmlCache [ RunTime:0.001000s ]
INFO: [ app_begin ] --END-- [ RunTime:0.002000s ]
NOTIC: [8] Use of undefined constant UC_AUTH_KEY - assumed 'UC_AUTH_KEY' E:\ff.xiaomaiquan.cn\ThinkPHP\Common\functions.php 第 457 行.
SQL: SHOW COLUMNS FROM `ff_admin` [ RunTime:0.054003s ]
NOTIC: [8] Use of undefined constant UC_AUTH_KEY - assumed 'UC_AUTH_KEY' E:\ff.xiaomaiquan.cn\Application\Admin\Controller\PublicController.class.php 第 45 行.
SQL: SELECT * FROM `ff_admin` WHERE ( `username` = 'admin' ) LIMIT 1   [ RunTime:0.001000s ]
SQL: SHOW COLUMNS FROM `ff_action` [ RunTime:0.028001s ]
SQL: SELECT * FROM `ff_action` WHERE ( `name` = 'user_login' ) LIMIT 1   [ RunTime:0.001000s ]
SQL: UPDATE `ff_admin` SET `login`=`login`+1,`last_login_time`=1532591715,`last_login_ip`='2130706433' WHERE ( `id` = 1 ) [ RunTime:0.001000s ]
NOTIC: [8] Undefined index: admin_id E:\ff.xiaomaiquan.cn\Application\Admin\Model\AdminUserModel.class.php 第 141 行.

[ 2018-07-26T15:55:22+08:00 ] 127.0.0.1 /index.php/Admin/Attraction/getVisitorNumByDate.html?s_day=1
INFO: [ app_begin ] --START--
INFO: Run Behavior\ReadHtmlCache [ RunTime:0.001001s ]
INFO: [ app_begin ] --END-- [ RunTime:0.002001s ]
SQL: SHOW COLUMNS FROM `ff_menu` [ RunTime:0.002000s ]
SQL: SELECT * FROM `ff_menu` WHERE ( `pid` = 0 ) AND ( `hide` = 0 ) ORDER BY sort asc  [ RunTime:0.001000s ]
SQL: SELECT `id` FROM `ff_menu` WHERE ( url like 'Attraction/getvisitornumbydate' ) LIMIT 1   [ RunTime:0.001000s ]
SQL: SHOW COLUMNS FROM `ff_scenic_flow_day` [ RunTime:0.083005s ]
SQL: SELECT SUM(user_num) num,`s_date` FROM `ff_scenic_flow_day` WHERE (  (`s_date` BETWEEN '20180719' AND '20180725' ) ) GROUP BY s_date  [ RunTime:0.038002s ]

[ 2018-07-26T15:55:22+08:00 ] 127.0.0.1 /index.php/Admin/Attraction/getCarNumByDate.html?s_day=1
INFO: [ app_begin ] --START--
INFO: Run Behavior\ReadHtmlCache [ RunTime:0.002000s ]
INFO: [ app_begin ] --END-- [ RunTime:0.002000s ]
SQL: SHOW COLUMNS FROM `ff_menu` [ RunTime:0.003000s ]
SQL: SELECT * FROM `ff_menu` WHERE ( `pid` = 0 ) AND ( `hide` = 0 ) ORDER BY sort asc  [ RunTime:0.001000s ]
SQL: SELECT `id` FROM `ff_menu` WHERE ( url like 'Attraction/getcarnumbydate' ) LIMIT 1   [ RunTime:0.001000s ]
SQL: SHOW COLUMNS FROM `ff_scenic_flow_day` [ RunTime:0.003001s ]
SQL: SELECT SUM(car_num) num,`s_date` FROM `ff_scenic_flow_day` WHERE (  (`s_date` BETWEEN '20180719' AND '20180725' ) ) GROUP BY s_date  [ RunTime:0.003000s ]

[ 2018-07-26T15:55:22+08:00 ] 127.0.0.1 /index.php/Admin/Attraction/getVisitorFromByProvince.html?s_day=1
INFO: [ app_begin ] --START--
INFO: Run Behavior\ReadHtmlCache [ RunTime:0.002000s ]
INFO: [ app_begin ] --END-- [ RunTime:0.002000s ]
SQL: SHOW COLUMNS FROM `ff_menu` [ RunTime:0.002000s ]
SQL: SELECT * FROM `ff_menu` WHERE ( `pid` = 0 ) AND ( `hide` = 0 ) ORDER BY sort asc  [ RunTime:0.002000s ]
SQL: SELECT `id` FROM `ff_menu` WHERE ( url like 'Attraction/getvisitorfrombyprovince' ) LIMIT 1   [ RunTime:0.000000s ]
SQL: SHOW COLUMNS FROM `ff_scenic_flow_area` [ RunTime:0.116007s ]
SQL: SELECT SUM(a.user_num) age,b.shortname name FROM ff_scenic_flow_area a left join ff_area b on a.province_id = b.id  WHERE (  (`s_date` BETWEEN '20180719' AND '20180725' ) ) GROUP BY province_id ORDER BY age desc LIMIT 10   [ RunTime:0.242014s ]

[ 2018-07-26T15:55:23+08:00 ] 127.0.0.1 /index.php/Admin/Attraction/getVisitorFromByCity.html?s_day=1
INFO: [ app_begin ] --START--
INFO: Run Behavior\ReadHtmlCache [ RunTime:0.002000s ]
INFO: [ app_begin ] --END-- [ RunTime:0.002000s ]
SQL: SHOW COLUMNS FROM `ff_menu` [ RunTime:0.003000s ]
SQL: SELECT * FROM `ff_menu` WHERE ( `pid` = 0 ) AND ( `hide` = 0 ) ORDER BY sort asc  [ RunTime:0.001000s ]
SQL: SELECT `id` FROM `ff_menu` WHERE ( url like 'Attraction/getvisitorfrombycity' ) LIMIT 1   [ RunTime:0.001000s ]
SQL: SHOW COLUMNS FROM `ff_scenic_flow_area` [ RunTime:0.004000s ]
SQL: SELECT SUM(a.user_num) age,b.shortname name FROM ff_scenic_flow_area a left join ff_area b on a.city_id = b.id  WHERE (  (`s_date` BETWEEN '20180719' AND '20180725' ) ) GROUP BY city_id ORDER BY age desc LIMIT 10   [ RunTime:0.017001s ]

[ 2018-07-26T15:55:23+08:00 ] 127.0.0.1 /index.php/Admin/Attraction/getVisitorFrom.html?s_day=1
INFO: [ app_begin ] --START--
INFO: Run Behavior\ReadHtmlCache [ RunTime:0.001000s ]
INFO: [ app_begin ] --END-- [ RunTime:0.002000s ]
SQL: SHOW COLUMNS FROM `ff_menu` [ RunTime:0.002000s ]
SQL: SELECT * FROM `ff_menu` WHERE ( `pid` = 0 ) AND ( `hide` = 0 ) ORDER BY sort asc  [ RunTime:0.001000s ]
SQL: SELECT `id` FROM `ff_menu` WHERE ( url like 'Attraction/getvisitorfrom' ) LIMIT 1   [ RunTime:0.002001s ]
SQL: SHOW COLUMNS FROM `ff_scenic_flow_area` [ RunTime:0.003000s ]
SQL: SELECT SUM(a.user_num) num,b.shortname name FROM ff_scenic_flow_area a left join ff_area b on a.province_id = b.id  WHERE (  (`s_date` BETWEEN '20180719' AND '20180725' ) ) GROUP BY province_id ORDER BY user_num desc  [ RunTime:0.014001s ]

[ 2018-07-26T15:55:23+08:00 ] 127.0.0.1 /index.php/Admin/Attraction/getVisitorFromByCity.html
INFO: [ app_begin ] --START--
INFO: Run Behavior\ReadHtmlCache [ RunTime:0.002000s ]
INFO: [ app_begin ] --END-- [ RunTime:0.003000s ]
SQL: SHOW COLUMNS FROM `ff_menu` [ RunTime:0.002000s ]
SQL: SELECT * FROM `ff_menu` WHERE ( `pid` = 0 ) AND ( `hide` = 0 ) ORDER BY sort asc  [ RunTime:0.001000s ]
SQL: SELECT `id` FROM `ff_menu` WHERE ( url like 'Attraction/getvisitorfrombycity' ) LIMIT 1   [ RunTime:0.001001s ]
SQL: SHOW COLUMNS FROM `ff_scenic_flow_area` [ RunTime:0.003000s ]
SQL: SELECT SUM(a.user_num) age,b.shortname name FROM ff_scenic_flow_area a left join ff_area b on a.city_id = b.id  WHERE (  (`s_date` BETWEEN '20180719' AND '20180725' ) ) GROUP BY city_id ORDER BY age desc LIMIT 10   [ RunTime:0.108006s ]

[ 2018-07-26T15:55:23+08:00 ] 127.0.0.1 /index.php/Admin/Attraction/getVisitorAge.html?s_day=1
INFO: [ app_begin ] --START--
INFO: Run Behavior\ReadHtmlCache [ RunTime:0.001000s ]
INFO: [ app_begin ] --END-- [ RunTime:0.002000s ]
SQL: SHOW COLUMNS FROM `ff_menu` [ RunTime:0.003000s ]
SQL: SELECT * FROM `ff_menu` WHERE ( `pid` = 0 ) AND ( `hide` = 0 ) ORDER BY sort asc  [ RunTime:0.001000s ]
SQL: SELECT `id` FROM `ff_menu` WHERE ( url like 'Attraction/getvisitorage' ) LIMIT 1   [ RunTime:0.000000s ]
SQL: SHOW COLUMNS FROM `ff_visitor_age` [ RunTime:0.050003s ]
SQL: SELECT SUM(user_num) num,`age_phase`,avg(age_avg) age_avg FROM `ff_visitor_age` WHERE (  (`s_date` BETWEEN '20180719' AND '20180725' ) ) GROUP BY age_phase  [ RunTime:0.028002s ]

[ 2018-07-26T15:55:23+08:00 ] 127.0.0.1 /index.php/Admin/Attraction/getVisitSex.html?s_day=1
INFO: [ app_begin ] --START--
INFO: Run Behavior\ReadHtmlCache [ RunTime:0.001000s ]
INFO: [ app_begin ] --END-- [ RunTime:0.002000s ]
SQL: SHOW COLUMNS FROM `ff_menu` [ RunTime:0.002001s ]
SQL: SELECT * FROM `ff_menu` WHERE ( `pid` = 0 ) AND ( `hide` = 0 ) ORDER BY sort asc  [ RunTime:0.001000s ]
SQL: SELECT `id` FROM `ff_menu` WHERE ( url like 'Attraction/getvisitsex' ) LIMIT 1   [ RunTime:0.000000s ]
SQL: SHOW COLUMNS FROM `ff_visitor_sex` [ RunTime:0.039002s ]
SQL: SELECT SUM(male_num) men,SUM(female_num) women FROM `ff_visitor_sex` WHERE (  (`s_date` BETWEEN '20180719' AND '20180725' ) )  [ RunTime:0.001000s ]

[ 2018-07-26T15:55:23+08:00 ] 127.0.0.1 /index.php/Admin/Attraction/getVisitorFlow.html?s_day=1
INFO: [ app_begin ] --START--
INFO: Run Behavior\ReadHtmlCache [ RunTime:0.027001s ]
INFO: [ app_begin ] --END-- [ RunTime:0.028001s ]
SQL: SHOW COLUMNS FROM `ff_menu` [ RunTime:0.002000s ]
SQL: SELECT * FROM `ff_menu` WHERE ( `pid` = 0 ) AND ( `hide` = 0 ) ORDER BY sort asc  [ RunTime:0.001000s ]
SQL: SELECT `id` FROM `ff_menu` WHERE ( url like 'Attraction/getvisitorflow' ) LIMIT 1   [ RunTime:0.001000s ]
SQL: SHOW COLUMNS FROM `ff_scenic_flow_day` [ RunTime:0.003000s ]
SQL: SELECT SUM(a.user_num) num,b.name name FROM ff_scenic_flow_day a left join ff_scenic b on a.scenic_id = b.id  WHERE (  (`s_date` BETWEEN '20180719' AND '20180725' ) ) GROUP BY scenic_id ORDER BY num desc LIMIT 10   [ RunTime:0.043002s ]

[ 2018-07-26T15:55:24+08:00 ] 127.0.0.1 /index.php/Admin/Attraction/getWeekAvg.html
INFO: [ app_begin ] --START--
INFO: Run Behavior\ReadHtmlCache [ RunTime:0.025001s ]
INFO: [ app_begin ] --END-- [ RunTime:0.025001s ]
SQL: SHOW COLUMNS FROM `ff_menu` [ RunTime:0.003000s ]
SQL: SELECT * FROM `ff_menu` WHERE ( `pid` = 0 ) AND ( `hide` = 0 ) ORDER BY sort asc  [ RunTime:0.001000s ]
SQL: SELECT `id` FROM `ff_menu` WHERE ( url like 'Attraction/getweekavg' ) LIMIT 1   [ RunTime:0.000000s ]
SQL: SHOW COLUMNS FROM `ff_visitor_stay` [ RunTime:0.062004s ]
SQL: SELECT avg(avg_day) stay_time FROM `ff_visitor_stay` WHERE (  (`s_date` BETWEEN '20180719' AND '20180725' ) ) LIMIT 1   [ RunTime:0.001000s ]
SQL: SHOW COLUMNS FROM `ff_ticket_reservations` [ RunTime:0.068004s ]
SQL: SELECT avg(day_phase) fix_time FROM `ff_ticket_reservations` WHERE (  (`s_date` BETWEEN '20180719' AND '20180725' ) ) LIMIT 1   [ RunTime:0.037002s ]
SQL: SHOW COLUMNS FROM `ff_scenic_flow_area` [ RunTime:0.002000s ]
SQL: SELECT avg(car_stay) car_time FROM `ff_scenic_flow_area` WHERE ( `car_stay` <> 0 ) AND (  (`s_date` BETWEEN '20180719' AND '20180725' ) ) LIMIT 1   [ RunTime:0.008000s ]
SQL: SHOW COLUMNS FROM `ff_visitor_age` [ RunTime:0.065004s ]
SQL: SELECT avg(age_avg) age_avg FROM `ff_visitor_age` WHERE (  (`s_date` BETWEEN '20180719' AND '20180725' ) ) LIMIT 1   [ RunTime:0.003000s ]

[ 2018-07-26T15:55:24+08:00 ] 127.0.0.1 /index.php/Admin/Attraction/getVisitorFromByProvince.html?s_day=1
INFO: [ app_begin ] --START--
INFO: Run Behavior\ReadHtmlCache [ RunTime:0.001000s ]
INFO: [ app_begin ] --END-- [ RunTime:0.002000s ]
SQL: SHOW COLUMNS FROM `ff_menu` [ RunTime:0.002000s ]
SQL: SELECT * FROM `ff_menu` WHERE ( `pid` = 0 ) AND ( `hide` = 0 ) ORDER BY sort asc  [ RunTime:0.001000s ]
SQL: SELECT `id` FROM `ff_menu` WHERE ( url like 'Attraction/getvisitorfrombyprovince' ) LIMIT 1   [ RunTime:0.000000s ]
SQL: SHOW COLUMNS FROM `ff_scenic_flow_area` [ RunTime:0.003000s ]
SQL: SELECT SUM(a.user_num) age,b.shortname name FROM ff_scenic_flow_area a left join ff_area b on a.province_id = b.id  WHERE (  (`s_date` BETWEEN '20180719' AND '20180725' ) ) GROUP BY province_id ORDER BY age desc LIMIT 10   [ RunTime:0.059004s ]

[ 2018-07-26T15:55:24+08:00 ] 127.0.0.1 /index.php/Admin/Attraction/getVisitorAge.html?s_day=1
INFO: [ app_begin ] --START--
INFO: Run Behavior\ReadHtmlCache [ RunTime:0.042002s ]
INFO: [ app_begin ] --END-- [ RunTime:0.043002s ]
SQL: SHOW COLUMNS FROM `ff_menu` [ RunTime:0.003000s ]
SQL: SELECT * FROM `ff_menu` WHERE ( `pid` = 0 ) AND ( `hide` = 0 ) ORDER BY sort asc  [ RunTime:0.001001s ]
SQL: SELECT `id` FROM `ff_menu` WHERE ( url like 'Attraction/getvisitorage' ) LIMIT 1   [ RunTime:0.001000s ]
SQL: SHOW COLUMNS FROM `ff_visitor_age` [ RunTime:0.003000s ]
SQL: SELECT SUM(user_num) num,`age_phase`,avg(age_avg) age_avg FROM `ff_visitor_age` WHERE (  (`s_date` BETWEEN '20180719' AND '20180725' ) ) GROUP BY age_phase  [ RunTime:0.004000s ]

[ 2018-07-26T15:55:52+08:00 ] 127.0.0.1 /index.php/Admin/Attraction/getRealVisitorFlow.html
INFO: [ app_begin ] --START--
INFO: Run Behavior\ReadHtmlCache [ RunTime:0.001000s ]
INFO: [ app_begin ] --END-- [ RunTime:0.002000s ]
SQL: SHOW COLUMNS FROM `ff_menu` [ RunTime:0.002000s ]
SQL: SELECT * FROM `ff_menu` WHERE ( `pid` = 0 ) AND ( `hide` = 0 ) ORDER BY sort asc  [ RunTime:0.001000s ]
SQL: SELECT `id` FROM `ff_menu` WHERE ( url like 'Attraction/getrealvisitorflow' ) LIMIT 1   [ RunTime:0.001000s ]
SQL: SHOW COLUMNS FROM `ff_visitor_real_spot` [ RunTime:0.126007s ]
SQL: SELECT SUM(user_num) num,`s_time` FROM `ff_visitor_real_spot` WHERE (  (`s_time` BETWEEN '09' AND '15' ) ) AND ( `s_date` = 20180726 ) GROUP BY s_time  [ RunTime:0.399023s ]

[ 2018-07-26T15:55:52+08:00 ] 127.0.0.1 /index.php/Admin/Attraction/getVisitorCount.html?s_day=1
INFO: [ app_begin ] --START--
INFO: Run Behavior\ReadHtmlCache [ RunTime:0.001000s ]
INFO: [ app_begin ] --END-- [ RunTime:0.002000s ]
SQL: SHOW COLUMNS FROM `ff_menu` [ RunTime:0.001000s ]
SQL: SELECT * FROM `ff_menu` WHERE ( `pid` = 0 ) AND ( `hide` = 0 ) ORDER BY sort asc  [ RunTime:0.001000s ]
SQL: SELECT `id` FROM `ff_menu` WHERE ( url like 'Attraction/getvisitorcount' ) LIMIT 1   [ RunTime:0.001001s ]
SQL: SHOW COLUMNS FROM `ff_scenic_flow_day` [ RunTime:0.003000s ]
SQL: SELECT SUM(user_num) num,`s_date` FROM `ff_scenic_flow_day` WHERE (  (`s_date` BETWEEN '20180719' AND '20180725' ) ) GROUP BY s_date  [ RunTime:0.003000s ]
SQL: SELECT SUM(a.user_num) num,b.name name FROM ff_scenic_flow_day a left join ff_scenic b on a.scenic_id = b.id  WHERE (  (`s_date` BETWEEN '20180719' AND '20180725' ) ) GROUP BY scenic_id ORDER BY num desc  [ RunTime:0.004000s ]

[ 2018-07-26T15:57:53+08:00 ] 127.0.0.1 /index.php/Admin/Attraction/getVisitorNumByDate.html?s_day=1
INFO: [ app_begin ] --START--
INFO: Run Behavior\ReadHtmlCache [ RunTime:0.001000s ]
INFO: [ app_begin ] --END-- [ RunTime:0.002000s ]
SQL: SHOW COLUMNS FROM `ff_menu` [ RunTime:0.001000s ]
SQL: SELECT * FROM `ff_menu` WHERE ( `pid` = 0 ) AND ( `hide` = 0 ) ORDER BY sort asc  [ RunTime:0.000000s ]
SQL: SELECT `id` FROM `ff_menu` WHERE ( url like 'Attraction/getvisitornumbydate' ) LIMIT 1   [ RunTime:0.000000s ]
SQL: SHOW COLUMNS FROM `ff_scenic_flow_day` [ RunTime:0.003000s ]
SQL: SELECT SUM(user_num) num,`s_date` FROM `ff_scenic_flow_day` WHERE (  (`s_date` BETWEEN '20180719' AND '20180725' ) ) GROUP BY s_date  [ RunTime:0.003000s ]

[ 2018-07-26T15:57:53+08:00 ] 127.0.0.1 /index.php/Admin/Attraction/getCarNumByDate.html?s_day=1
INFO: [ app_begin ] --START--
INFO: Run Behavior\ReadHtmlCache [ RunTime:0.001000s ]
INFO: [ app_begin ] --END-- [ RunTime:0.002000s ]
SQL: SHOW COLUMNS FROM `ff_menu` [ RunTime:0.001000s ]
SQL: SELECT * FROM `ff_menu` WHERE ( `pid` = 0 ) AND ( `hide` = 0 ) ORDER BY sort asc  [ RunTime:0.001000s ]
SQL: SELECT `id` FROM `ff_menu` WHERE ( url like 'Attraction/getcarnumbydate' ) LIMIT 1   [ RunTime:0.001000s ]
SQL: SHOW COLUMNS FROM `ff_scenic_flow_day` [ RunTime:0.003000s ]
SQL: SELECT SUM(car_num) num,`s_date` FROM `ff_scenic_flow_day` WHERE (  (`s_date` BETWEEN '20180719' AND '20180725' ) ) GROUP BY s_date  [ RunTime:0.003000s ]

[ 2018-07-26T15:57:53+08:00 ] 127.0.0.1 /index.php/Admin/Attraction/getVisitorFromByProvince.html?s_day=1
INFO: [ app_begin ] --START--
INFO: Run Behavior\ReadHtmlCache [ RunTime:0.001000s ]
INFO: [ app_begin ] --END-- [ RunTime:0.002000s ]
SQL: SHOW COLUMNS FROM `ff_menu` [ RunTime:0.001000s ]
SQL: SELECT * FROM `ff_menu` WHERE ( `pid` = 0 ) AND ( `hide` = 0 ) ORDER BY sort asc  [ RunTime:0.002000s ]
SQL: SELECT `id` FROM `ff_menu` WHERE ( url like 'Attraction/getvisitorfrombyprovince' ) LIMIT 1   [ RunTime:0.000000s ]
SQL: SHOW COLUMNS FROM `ff_scenic_flow_area` [ RunTime:0.001000s ]
SQL: SELECT SUM(a.user_num) age,b.shortname name FROM ff_scenic_flow_area a left join ff_area b on a.province_id = b.id  WHERE (  (`s_date` BETWEEN '20180719' AND '20180725' ) ) GROUP BY province_id ORDER BY age desc LIMIT 10   [ RunTime:0.012001s ]

[ 2018-07-26T15:57:53+08:00 ] 127.0.0.1 /index.php/Admin/Attraction/getVisitorFromByCity.html?s_day=1
INFO: [ app_begin ] --START--
INFO: Run Behavior\ReadHtmlCache [ RunTime:0.001000s ]
INFO: [ app_begin ] --END-- [ RunTime:0.002000s ]
SQL: SHOW COLUMNS FROM `ff_menu` [ RunTime:0.001000s ]
SQL: SELECT * FROM `ff_menu` WHERE ( `pid` = 0 ) AND ( `hide` = 0 ) ORDER BY sort asc  [ RunTime:0.001000s ]
SQL: SELECT `id` FROM `ff_menu` WHERE ( url like 'Attraction/getvisitorfrombycity' ) LIMIT 1   [ RunTime:0.001000s ]
SQL: SHOW COLUMNS FROM `ff_scenic_flow_area` [ RunTime:0.006000s ]
SQL: SELECT SUM(a.user_num) age,b.shortname name FROM ff_scenic_flow_area a left join ff_area b on a.city_id = b.id  WHERE (  (`s_date` BETWEEN '20180719' AND '20180725' ) ) GROUP BY city_id ORDER BY age desc LIMIT 10   [ RunTime:0.016001s ]

[ 2018-07-26T15:57:53+08:00 ] 127.0.0.1 /index.php/Admin/Attraction/getVisitorFrom.html?s_day=1
INFO: [ app_begin ] --START--
INFO: Run Behavior\ReadHtmlCache [ RunTime:0.001000s ]
INFO: [ app_begin ] --END-- [ RunTime:0.002000s ]
SQL: SHOW COLUMNS FROM `ff_menu` [ RunTime:0.001000s ]
SQL: SELECT * FROM `ff_menu` WHERE ( `pid` = 0 ) AND ( `hide` = 0 ) ORDER BY sort asc  [ RunTime:0.001000s ]
SQL: SELECT `id` FROM `ff_menu` WHERE ( url like 'Attraction/getvisitorfrom' ) LIMIT 1   [ RunTime:0.001000s ]
SQL: SHOW COLUMNS FROM `ff_scenic_flow_area` [ RunTime:0.003000s ]
SQL: SELECT SUM(a.user_num) num,b.shortname name FROM ff_scenic_flow_area a left join ff_area b on a.province_id = b.id  WHERE (  (`s_date` BETWEEN '20180719' AND '20180725' ) ) GROUP BY province_id ORDER BY user_num desc  [ RunTime:0.016001s ]

[ 2018-07-26T15:57:53+08:00 ] 127.0.0.1 /index.php/Admin/Attraction/getVisitorFromByCity.html
INFO: [ app_begin ] --START--
INFO: Run Behavior\ReadHtmlCache [ RunTime:0.001000s ]
INFO: [ app_begin ] --END-- [ RunTime:0.002000s ]
SQL: SHOW COLUMNS FROM `ff_menu` [ RunTime:0.001000s ]
SQL: SELECT * FROM `ff_menu` WHERE ( `pid` = 0 ) AND ( `hide` = 0 ) ORDER BY sort asc  [ RunTime:0.001000s ]
SQL: SELECT `id` FROM `ff_menu` WHERE ( url like 'Attraction/getvisitorfrombycity' ) LIMIT 1   [ RunTime:0.001000s ]
SQL: SHOW COLUMNS FROM `ff_scenic_flow_area` [ RunTime:0.004000s ]
SQL: SELECT SUM(a.user_num) age,b.shortname name FROM ff_scenic_flow_area a left join ff_area b on a.city_id = b.id  WHERE (  (`s_date` BETWEEN '20180719' AND '20180725' ) ) GROUP BY city_id ORDER BY age desc LIMIT 10   [ RunTime:0.015001s ]

[ 2018-07-26T15:57:53+08:00 ] 127.0.0.1 /index.php/Admin/Attraction/getVisitorAge.html?s_day=1
INFO: [ app_begin ] --START--
INFO: Run Behavior\ReadHtmlCache [ RunTime:0.002000s ]
INFO: [ app_begin ] --END-- [ RunTime:0.002000s ]
SQL: SHOW COLUMNS FROM `ff_menu` [ RunTime:0.001000s ]
SQL: SELECT * FROM `ff_menu` WHERE ( `pid` = 0 ) AND ( `hide` = 0 ) ORDER BY sort asc  [ RunTime:0.001000s ]
SQL: SELECT `id` FROM `ff_menu` WHERE ( url like 'Attraction/getvisitorage' ) LIMIT 1   [ RunTime:0.001000s ]
SQL: SHOW COLUMNS FROM `ff_visitor_age` [ RunTime:0.002000s ]
SQL: SELECT SUM(user_num) num,`age_phase`,avg(age_avg) age_avg FROM `ff_visitor_age` WHERE (  (`s_date` BETWEEN '20180719' AND '20180725' ) ) GROUP BY age_phase  [ RunTime:0.005000s ]

[ 2018-07-26T15:57:53+08:00 ] 127.0.0.1 /index.php/Admin/Attraction/getVisitSex.html?s_day=1
INFO: [ app_begin ] --START--
INFO: Run Behavior\ReadHtmlCache [ RunTime:0.001000s ]
INFO: [ app_begin ] --END-- [ RunTime:0.002000s ]
SQL: SHOW COLUMNS FROM `ff_menu` [ RunTime:0.001000s ]
SQL: SELECT * FROM `ff_menu` WHERE ( `pid` = 0 ) AND ( `hide` = 0 ) ORDER BY sort asc  [ RunTime:0.002000s ]
SQL: SELECT `id` FROM `ff_menu` WHERE ( url like 'Attraction/getvisitsex' ) LIMIT 1   [ RunTime:0.001000s ]
SQL: SHOW COLUMNS FROM `ff_visitor_sex` [ RunTime:0.003000s ]
SQL: SELECT SUM(male_num) men,SUM(female_num) women FROM `ff_visitor_sex` WHERE (  (`s_date` BETWEEN '20180719' AND '20180725' ) )  [ RunTime:0.005001s ]

[ 2018-07-26T15:57:54+08:00 ] 127.0.0.1 /index.php/Admin/Attraction/getVisitorFlow.html?s_day=1
INFO: [ app_begin ] --START--
INFO: Run Behavior\ReadHtmlCache [ RunTime:0.001000s ]
INFO: [ app_begin ] --END-- [ RunTime:0.004000s ]
SQL: SHOW COLUMNS FROM `ff_menu` [ RunTime:0.001000s ]
SQL: SELECT * FROM `ff_menu` WHERE ( `pid` = 0 ) AND ( `hide` = 0 ) ORDER BY sort asc  [ RunTime:0.001000s ]
SQL: SELECT `id` FROM `ff_menu` WHERE ( url like 'Attraction/getvisitorflow' ) LIMIT 1   [ RunTime:0.000000s ]
SQL: SHOW COLUMNS FROM `ff_scenic_flow_day` [ RunTime:0.003000s ]
SQL: SELECT SUM(a.user_num) num,b.name name FROM ff_scenic_flow_day a left join ff_scenic b on a.scenic_id = b.id  WHERE (  (`s_date` BETWEEN '20180719' AND '20180725' ) ) GROUP BY scenic_id ORDER BY num desc LIMIT 10   [ RunTime:0.004000s ]

[ 2018-07-26T15:57:54+08:00 ] 127.0.0.1 /index.php/Admin/Attraction/getWeekAvg.html
INFO: [ app_begin ] --START--
INFO: Run Behavior\ReadHtmlCache [ RunTime:0.001000s ]
INFO: [ app_begin ] --END-- [ RunTime:0.002000s ]
SQL: SHOW COLUMNS FROM `ff_menu` [ RunTime:0.002000s ]
SQL: SELECT * FROM `ff_menu` WHERE ( `pid` = 0 ) AND ( `hide` = 0 ) ORDER BY sort asc  [ RunTime:0.004000s ]
SQL: SELECT `id` FROM `ff_menu` WHERE ( url like 'Attraction/getweekavg' ) LIMIT 1   [ RunTime:0.001001s ]
SQL: SHOW COLUMNS FROM `ff_visitor_stay` [ RunTime:0.002000s ]
SQL: SELECT avg(avg_day) stay_time FROM `ff_visitor_stay` WHERE (  (`s_date` BETWEEN '20180719' AND '20180725' ) ) LIMIT 1   [ RunTime:0.001000s ]
SQL: SHOW COLUMNS FROM `ff_ticket_reservations` [ RunTime:0.084005s ]
SQL: SELECT avg(day_phase) fix_time FROM `ff_ticket_reservations` WHERE (  (`s_date` BETWEEN '20180719' AND '20180725' ) ) LIMIT 1   [ RunTime:0.004000s ]
SQL: SHOW COLUMNS FROM `ff_scenic_flow_area` [ RunTime:0.004000s ]
SQL: SELECT avg(car_stay) car_time FROM `ff_scenic_flow_area` WHERE ( `car_stay` <> 0 ) AND (  (`s_date` BETWEEN '20180719' AND '20180725' ) ) LIMIT 1   [ RunTime:0.009001s ]
SQL: SHOW COLUMNS FROM `ff_visitor_age` [ RunTime:0.005000s ]
SQL: SELECT avg(age_avg) age_avg FROM `ff_visitor_age` WHERE (  (`s_date` BETWEEN '20180719' AND '20180725' ) ) LIMIT 1   [ RunTime:0.003000s ]

[ 2018-07-26T15:57:54+08:00 ] 127.0.0.1 /index.php/Admin/Attraction/getVisitorFromByProvince.html?s_day=1
INFO: [ app_begin ] --START--
INFO: Run Behavior\ReadHtmlCache [ RunTime:0.002000s ]
INFO: [ app_begin ] --END-- [ RunTime:0.003000s ]
SQL: SHOW COLUMNS FROM `ff_menu` [ RunTime:0.002001s ]
SQL: SELECT * FROM `ff_menu` WHERE ( `pid` = 0 ) AND ( `hide` = 0 ) ORDER BY sort asc  [ RunTime:0.001000s ]
SQL: SELECT `id` FROM `ff_menu` WHERE ( url like 'Attraction/getvisitorfrombyprovince' ) LIMIT 1   [ RunTime:0.002000s ]
SQL: SHOW COLUMNS FROM `ff_scenic_flow_area` [ RunTime:0.004000s ]
SQL: SELECT SUM(a.user_num) age,b.shortname name FROM ff_scenic_flow_area a left join ff_area b on a.province_id = b.id  WHERE (  (`s_date` BETWEEN '20180719' AND '20180725' ) ) GROUP BY province_id ORDER BY age desc LIMIT 10   [ RunTime:0.014001s ]

[ 2018-07-26T15:57:54+08:00 ] 127.0.0.1 /index.php/Admin/Attraction/getVisitorAge.html?s_day=1
INFO: [ app_begin ] --START--
INFO: Run Behavior\ReadHtmlCache [ RunTime:0.001000s ]
INFO: [ app_begin ] --END-- [ RunTime:0.002000s ]
SQL: SHOW COLUMNS FROM `ff_menu` [ RunTime:0.002000s ]
SQL: SELECT * FROM `ff_menu` WHERE ( `pid` = 0 ) AND ( `hide` = 0 ) ORDER BY sort asc  [ RunTime:0.001001s ]
SQL: SELECT `id` FROM `ff_menu` WHERE ( url like 'Attraction/getvisitorage' ) LIMIT 1   [ RunTime:0.001000s ]
SQL: SHOW COLUMNS FROM `ff_visitor_age` [ RunTime:0.003000s ]
SQL: SELECT SUM(user_num) num,`age_phase`,avg(age_avg) age_avg FROM `ff_visitor_age` WHERE (  (`s_date` BETWEEN '20180719' AND '20180725' ) ) GROUP BY age_phase  [ RunTime:0.003000s ]

[ 2018-07-26T16:05:23+08:00 ] 127.0.0.1 /index.php/Api/Industry/getVisitorNum
ERR: Class 'Api\Controller\AttractionModel' not found

[ 2018-07-26T16:06:14+08:00 ] 127.0.0.1 /index.php/Admin/Attraction/getVisitorNumByDate.html?s_day=1
INFO: [ app_begin ] --START--
INFO: Run Behavior\ReadHtmlCache [ RunTime:0.002000s ]
INFO: [ app_begin ] --END-- [ RunTime:0.004000s ]
SQL: SHOW COLUMNS FROM `ff_menu` [ RunTime:0.001000s ]
SQL: SELECT * FROM `ff_menu` WHERE ( `pid` = 0 ) AND ( `hide` = 0 ) ORDER BY sort asc  [ RunTime:0.001000s ]
SQL: SELECT `id` FROM `ff_menu` WHERE ( url like 'Attraction/getvisitornumbydate' ) LIMIT 1   [ RunTime:0.000000s ]
SQL: SHOW COLUMNS FROM `ff_scenic_flow_day` [ RunTime:0.001000s ]
SQL: SELECT SUM(user_num) num,`s_date` FROM `ff_scenic_flow_day` WHERE (  (`s_date` BETWEEN '20180719' AND '20180725' ) ) GROUP BY s_date  [ RunTime:0.003000s ]

[ 2018-07-26T16:06:15+08:00 ] 127.0.0.1 /index.php/Admin/Attraction/getCarNumByDate.html?s_day=1
INFO: [ app_begin ] --START--
INFO: Run Behavior\ReadHtmlCache [ RunTime:0.001000s ]
INFO: [ app_begin ] --END-- [ RunTime:0.002000s ]
SQL: SHOW COLUMNS FROM `ff_menu` [ RunTime:0.001000s ]
SQL: SELECT * FROM `ff_menu` WHERE ( `pid` = 0 ) AND ( `hide` = 0 ) ORDER BY sort asc  [ RunTime:0.001000s ]
SQL: SELECT `id` FROM `ff_menu` WHERE ( url like 'Attraction/getcarnumbydate' ) LIMIT 1   [ RunTime:0.000000s ]
SQL: SHOW COLUMNS FROM `ff_scenic_flow_day` [ RunTime:0.002001s ]
SQL: SELECT SUM(car_num) num,`s_date` FROM `ff_scenic_flow_day` WHERE (  (`s_date` BETWEEN '20180719' AND '20180725' ) ) GROUP BY s_date  [ RunTime:0.004000s ]

[ 2018-07-26T16:06:15+08:00 ] 127.0.0.1 /index.php/Admin/Attraction/getVisitorFromByProvince.html?s_day=1
INFO: [ app_begin ] --START--
INFO: Run Behavior\ReadHtmlCache [ RunTime:0.001000s ]
INFO: [ app_begin ] --END-- [ RunTime:0.002000s ]
SQL: SHOW COLUMNS FROM `ff_menu` [ RunTime:0.001000s ]
SQL: SELECT * FROM `ff_menu` WHERE ( `pid` = 0 ) AND ( `hide` = 0 ) ORDER BY sort asc  [ RunTime:0.000000s ]
SQL: SELECT `id` FROM `ff_menu` WHERE ( url like 'Attraction/getvisitorfrombyprovince' ) LIMIT 1   [ RunTime:0.000000s ]
SQL: SHOW COLUMNS FROM `ff_scenic_flow_area` [ RunTime:0.001000s ]
SQL: SELECT SUM(a.user_num) age,b.shortname name FROM ff_scenic_flow_area a left join ff_area b on a.province_id = b.id  WHERE (  (`s_date` BETWEEN '20180719' AND '20180725' ) ) GROUP BY province_id ORDER BY age desc LIMIT 10   [ RunTime:0.012000s ]

[ 2018-07-26T16:06:15+08:00 ] 127.0.0.1 /index.php/Admin/Attraction/getVisitorFromByProvince.html?s_day=1
INFO: [ app_begin ] --START--
INFO: Run Behavior\ReadHtmlCache [ RunTime:0.001000s ]
INFO: [ app_begin ] --END-- [ RunTime:0.002000s ]
SQL: SHOW COLUMNS FROM `ff_menu` [ RunTime:0.001000s ]
SQL: SELECT * FROM `ff_menu` WHERE ( `pid` = 0 ) AND ( `hide` = 0 ) ORDER BY sort asc  [ RunTime:0.000000s ]
SQL: SELECT `id` FROM `ff_menu` WHERE ( url like 'Attraction/getvisitorfrombyprovince' ) LIMIT 1   [ RunTime:0.001000s ]
SQL: SHOW COLUMNS FROM `ff_scenic_flow_area` [ RunTime:0.002000s ]
SQL: SELECT SUM(a.user_num) age,b.shortname name FROM ff_scenic_flow_area a left join ff_area b on a.province_id = b.id  WHERE (  (`s_date` BETWEEN '20180719' AND '20180725' ) ) GROUP BY province_id ORDER BY age desc LIMIT 10   [ RunTime:0.013001s ]

[ 2018-07-26T16:06:16+08:00 ] 127.0.0.1 /index.php/Admin/Attraction/getVisitorFromByCity.html?s_day=1
INFO: [ app_begin ] --START--
INFO: Run Behavior\ReadHtmlCache [ RunTime:0.001000s ]
INFO: [ app_begin ] --END-- [ RunTime:0.002000s ]
SQL: SHOW COLUMNS FROM `ff_menu` [ RunTime:0.001000s ]
SQL: SELECT * FROM `ff_menu` WHERE ( `pid` = 0 ) AND ( `hide` = 0 ) ORDER BY sort asc  [ RunTime:0.001000s ]
SQL: SELECT `id` FROM `ff_menu` WHERE ( url like 'Attraction/getvisitorfrombycity' ) LIMIT 1   [ RunTime:0.000000s ]
SQL: SHOW COLUMNS FROM `ff_scenic_flow_area` [ RunTime:0.002000s ]
SQL: SELECT SUM(a.user_num) age,b.shortname name FROM ff_scenic_flow_area a left join ff_area b on a.city_id = b.id  WHERE (  (`s_date` BETWEEN '20180719' AND '20180725' ) ) GROUP BY city_id ORDER BY age desc LIMIT 10   [ RunTime:0.014001s ]

[ 2018-07-26T16:06:16+08:00 ] 127.0.0.1 /index.php/Admin/Attraction/getVisitorFrom.html?s_day=1
INFO: [ app_begin ] --START--
INFO: Run Behavior\ReadHtmlCache [ RunTime:0.001000s ]
INFO: [ app_begin ] --END-- [ RunTime:0.002000s ]
SQL: SHOW COLUMNS FROM `ff_menu` [ RunTime:0.001000s ]
SQL: SELECT * FROM `ff_menu` WHERE ( `pid` = 0 ) AND ( `hide` = 0 ) ORDER BY sort asc  [ RunTime:0.001000s ]
SQL: SELECT `id` FROM `ff_menu` WHERE ( url like 'Attraction/getvisitorfrom' ) LIMIT 1   [ RunTime:0.001000s ]
SQL: SHOW COLUMNS FROM `ff_scenic_flow_area` [ RunTime:0.003000s ]
SQL: SELECT SUM(a.user_num) num,b.shortname name FROM ff_scenic_flow_area a left join ff_area b on a.province_id = b.id  WHERE (  (`s_date` BETWEEN '20180719' AND '20180725' ) ) GROUP BY province_id ORDER BY user_num desc  [ RunTime:0.014001s ]

[ 2018-07-26T16:06:16+08:00 ] 127.0.0.1 /index.php/Admin/Attraction/getVisitorAge.html?s_day=1
INFO: [ app_begin ] --START--
INFO: Run Behavior\ReadHtmlCache [ RunTime:0.001000s ]
INFO: [ app_begin ] --END-- [ RunTime:0.002000s ]
SQL: SHOW COLUMNS FROM `ff_menu` [ RunTime:0.001000s ]
SQL: SELECT * FROM `ff_menu` WHERE ( `pid` = 0 ) AND ( `hide` = 0 ) ORDER BY sort asc  [ RunTime:0.001000s ]
SQL: SELECT `id` FROM `ff_menu` WHERE ( url like 'Attraction/getvisitorage' ) LIMIT 1   [ RunTime:0.001000s ]
SQL: SHOW COLUMNS FROM `ff_visitor_age` [ RunTime:0.004000s ]
SQL: SELECT SUM(user_num) num,`age_phase`,avg(age_avg) age_avg FROM `ff_visitor_age` WHERE (  (`s_date` BETWEEN '20180719' AND '20180725' ) ) GROUP BY age_phase  [ RunTime:0.005000s ]

[ 2018-07-26T16:06:16+08:00 ] 127.0.0.1 /index.php/Admin/Attraction/getVisitorAge.html?s_day=1
INFO: [ app_begin ] --START--
INFO: Run Behavior\ReadHtmlCache [ RunTime:0.001000s ]
INFO: [ app_begin ] --END-- [ RunTime:0.003000s ]
SQL: SHOW COLUMNS FROM `ff_menu` [ RunTime:0.002000s ]
SQL: SELECT * FROM `ff_menu` WHERE ( `pid` = 0 ) AND ( `hide` = 0 ) ORDER BY sort asc  [ RunTime:0.004000s ]
SQL: SELECT `id` FROM `ff_menu` WHERE ( url like 'Attraction/getvisitorage' ) LIMIT 1   [ RunTime:0.001000s ]
SQL: SHOW COLUMNS FROM `ff_visitor_age` [ RunTime:0.003001s ]
SQL: SELECT SUM(user_num) num,`age_phase`,avg(age_avg) age_avg FROM `ff_visitor_age` WHERE (  (`s_date` BETWEEN '20180719' AND '20180725' ) ) GROUP BY age_phase  [ RunTime:0.003000s ]

[ 2018-07-26T16:06:16+08:00 ] 127.0.0.1 /index.php/Admin/Attraction/getVisitSex.html?s_day=1
INFO: [ app_begin ] --START--
INFO: Run Behavior\ReadHtmlCache [ RunTime:0.001000s ]
INFO: [ app_begin ] --END-- [ RunTime:0.002000s ]
SQL: SHOW COLUMNS FROM `ff_menu` [ RunTime:0.001000s ]
SQL: SELECT * FROM `ff_menu` WHERE ( `pid` = 0 ) AND ( `hide` = 0 ) ORDER BY sort asc  [ RunTime:0.001001s ]
SQL: SELECT `id` FROM `ff_menu` WHERE ( url like 'Attraction/getvisitsex' ) LIMIT 1   [ RunTime:0.000000s ]
SQL: SHOW COLUMNS FROM `ff_visitor_sex` [ RunTime:0.004000s ]
SQL: SELECT SUM(male_num) men,SUM(female_num) women FROM `ff_visitor_sex` WHERE (  (`s_date` BETWEEN '20180719' AND '20180725' ) )  [ RunTime:0.001000s ]

[ 2018-07-26T16:06:16+08:00 ] 127.0.0.1 /index.php/Admin/Attraction/getVisitorFlow.html?s_day=1
INFO: [ app_begin ] --START--
INFO: Run Behavior\ReadHtmlCache [ RunTime:0.001000s ]
INFO: [ app_begin ] --END-- [ RunTime:0.002000s ]
SQL: SHOW COLUMNS FROM `ff_menu` [ RunTime:0.001000s ]
SQL: SELECT * FROM `ff_menu` WHERE ( `pid` = 0 ) AND ( `hide` = 0 ) ORDER BY sort asc  [ RunTime:0.001000s ]
SQL: SELECT `id` FROM `ff_menu` WHERE ( url like 'Attraction/getvisitorflow' ) LIMIT 1   [ RunTime:0.001000s ]
SQL: SHOW COLUMNS FROM `ff_scenic_flow_day` [ RunTime:0.001000s ]
SQL: SELECT SUM(a.user_num) num,b.name name FROM ff_scenic_flow_day a left join ff_scenic b on a.scenic_id = b.id  WHERE (  (`s_date` BETWEEN '20180719' AND '20180725' ) ) GROUP BY scenic_id ORDER BY num desc LIMIT 10   [ RunTime:0.006001s ]

[ 2018-07-26T16:06:16+08:00 ] 127.0.0.1 /index.php/Admin/Attraction/getWeekAvg.html
INFO: [ app_begin ] --START--
INFO: Run Behavior\ReadHtmlCache [ RunTime:0.002000s ]
INFO: [ app_begin ] --END-- [ RunTime:0.003000s ]
SQL: SHOW COLUMNS FROM `ff_menu` [ RunTime:0.001000s ]
SQL: SELECT * FROM `ff_menu` WHERE ( `pid` = 0 ) AND ( `hide` = 0 ) ORDER BY sort asc  [ RunTime:0.001000s ]
SQL: SELECT `id` FROM `ff_menu` WHERE ( url like 'Attraction/getweekavg' ) LIMIT 1   [ RunTime:0.000000s ]
SQL: SHOW COLUMNS FROM `ff_visitor_stay` [ RunTime:0.003000s ]
SQL: SELECT avg(avg_day) stay_time FROM `ff_visitor_stay` WHERE (  (`s_date` BETWEEN '20180719' AND '20180725' ) ) LIMIT 1   [ RunTime:0.002000s ]
SQL: SHOW COLUMNS FROM `ff_ticket_reservations` [ RunTime:0.003000s ]
SQL: SELECT avg(day_phase) fix_time FROM `ff_ticket_reservations` WHERE (  (`s_date` BETWEEN '20180719' AND '20180725' ) ) LIMIT 1   [ RunTime:0.002001s ]
SQL: SHOW COLUMNS FROM `ff_scenic_flow_area` [ RunTime:0.001000s ]
SQL: SELECT avg(car_stay) car_time FROM `ff_scenic_flow_area` WHERE ( `car_stay` <> 0 ) AND (  (`s_date` BETWEEN '20180719' AND '20180725' ) ) LIMIT 1   [ RunTime:0.009000s ]
SQL: SHOW COLUMNS FROM `ff_visitor_age` [ RunTime:0.005000s ]
SQL: SELECT avg(age_avg) age_avg FROM `ff_visitor_age` WHERE (  (`s_date` BETWEEN '20180719' AND '20180725' ) ) LIMIT 1   [ RunTime:0.002001s ]

[ 2018-07-26T16:06:16+08:00 ] 127.0.0.1 /index.php/Admin/Attraction/getVisitorFromByCity.html
INFO: [ app_begin ] --START--
INFO: Run Behavior\ReadHtmlCache [ RunTime:0.001000s ]
INFO: [ app_begin ] --END-- [ RunTime:0.002000s ]
SQL: SHOW COLUMNS FROM `ff_menu` [ RunTime:0.001000s ]
SQL: SELECT * FROM `ff_menu` WHERE ( `pid` = 0 ) AND ( `hide` = 0 ) ORDER BY sort asc  [ RunTime:0.001000s ]
SQL: SELECT `id` FROM `ff_menu` WHERE ( url like 'Attraction/getvisitorfrombycity' ) LIMIT 1   [ RunTime:0.001000s ]
SQL: SHOW COLUMNS FROM `ff_scenic_flow_area` [ RunTime:0.004000s ]
SQL: SELECT SUM(a.user_num) age,b.shortname name FROM ff_scenic_flow_area a left join ff_area b on a.city_id = b.id  WHERE (  (`s_date` BETWEEN '20180719' AND '20180725' ) ) GROUP BY city_id ORDER BY age desc LIMIT 10   [ RunTime:0.012001s ]

[ 2018-07-26T16:06:18+08:00 ] 127.0.0.1 /index.php/Admin/Attraction/getVisitorCount.html?s_day=1
INFO: [ app_begin ] --START--
INFO: Run Behavior\ReadHtmlCache [ RunTime:0.001000s ]
INFO: [ app_begin ] --END-- [ RunTime:0.002000s ]
SQL: SHOW COLUMNS FROM `ff_menu` [ RunTime:0.002000s ]
SQL: SELECT * FROM `ff_menu` WHERE ( `pid` = 0 ) AND ( `hide` = 0 ) ORDER BY sort asc  [ RunTime:0.002001s ]
SQL: SELECT `id` FROM `ff_menu` WHERE ( url like 'Attraction/getvisitorcount' ) LIMIT 1   [ RunTime:0.001000s ]
SQL: SHOW COLUMNS FROM `ff_scenic_flow_day` [ RunTime:0.001000s ]
SQL: SELECT SUM(user_num) num,`s_date` FROM `ff_scenic_flow_day` WHERE (  (`s_date` BETWEEN '20180719' AND '20180725' ) ) GROUP BY s_date  [ RunTime:0.002000s ]
SQL: SELECT SUM(a.user_num) num,b.name name FROM ff_scenic_flow_day a left join ff_scenic b on a.scenic_id = b.id  WHERE (  (`s_date` BETWEEN '20180719' AND '20180725' ) ) GROUP BY scenic_id ORDER BY num desc  [ RunTime:0.002000s ]

[ 2018-07-26T16:06:18+08:00 ] 127.0.0.1 /index.php/Admin/Attraction/getRealVisitorFlow.html
INFO: [ app_begin ] --START--
INFO: Run Behavior\ReadHtmlCache [ RunTime:0.002000s ]
INFO: [ app_begin ] --END-- [ RunTime:0.002000s ]
SQL: SHOW COLUMNS FROM `ff_menu` [ RunTime:0.001000s ]
SQL: SELECT * FROM `ff_menu` WHERE ( `pid` = 0 ) AND ( `hide` = 0 ) ORDER BY sort asc  [ RunTime:0.001000s ]
SQL: SELECT `id` FROM `ff_menu` WHERE ( url like 'Attraction/getrealvisitorflow' ) LIMIT 1   [ RunTime:0.001000s ]
SQL: SHOW COLUMNS FROM `ff_visitor_real_spot` [ RunTime:0.003001s ]
SQL: SELECT SUM(user_num) num,`s_time` FROM `ff_visitor_real_spot` WHERE (  (`s_time` BETWEEN '09' AND '16' ) ) AND ( `s_date` = 20180726 ) GROUP BY s_time  [ RunTime:0.096005s ]

[ 2018-07-26T16:06:22+08:00 ] 127.0.0.1 /index.php/Admin/Attraction/getVisitorNumByDate.html?s_day=1
INFO: [ app_begin ] --START--
INFO: Run Behavior\ReadHtmlCache [ RunTime:0.002000s ]
INFO: [ app_begin ] --END-- [ RunTime:0.002000s ]
SQL: SHOW COLUMNS FROM `ff_menu` [ RunTime:0.001000s ]
SQL: SELECT * FROM `ff_menu` WHERE ( `pid` = 0 ) AND ( `hide` = 0 ) ORDER BY sort asc  [ RunTime:0.001000s ]
SQL: SELECT `id` FROM `ff_menu` WHERE ( url like 'Attraction/getvisitornumbydate' ) LIMIT 1   [ RunTime:0.000000s ]
SQL: SHOW COLUMNS FROM `ff_scenic_flow_day` [ RunTime:0.002000s ]
SQL: SELECT SUM(user_num) num,`s_date` FROM `ff_scenic_flow_day` WHERE (  (`s_date` BETWEEN '20180719' AND '20180725' ) ) GROUP BY s_date  [ RunTime:0.003000s ]

[ 2018-07-26T16:06:22+08:00 ] 127.0.0.1 /index.php/Admin/Attraction/getCarNumByDate.html?s_day=1
INFO: [ app_begin ] --START--
INFO: Run Behavior\ReadHtmlCache [ RunTime:0.003000s ]
INFO: [ app_begin ] --END-- [ RunTime:0.004000s ]
SQL: SHOW COLUMNS FROM `ff_menu` [ RunTime:0.007001s ]
SQL: SELECT * FROM `ff_menu` WHERE ( `pid` = 0 ) AND ( `hide` = 0 ) ORDER BY sort asc  [ RunTime:0.001000s ]
SQL: SELECT `id` FROM `ff_menu` WHERE ( url like 'Attraction/getcarnumbydate' ) LIMIT 1   [ RunTime:0.000000s ]
SQL: SHOW COLUMNS FROM `ff_scenic_flow_day` [ RunTime:0.001000s ]
SQL: SELECT SUM(car_num) num,`s_date` FROM `ff_scenic_flow_day` WHERE (  (`s_date` BETWEEN '20180719' AND '20180725' ) ) GROUP BY s_date  [ RunTime:0.006001s ]

[ 2018-07-26T16:06:22+08:00 ] 127.0.0.1 /index.php/Admin/Attraction/getVisitorFromByProvince.html?s_day=1
INFO: [ app_begin ] --START--
INFO: Run Behavior\ReadHtmlCache [ RunTime:0.001000s ]
INFO: [ app_begin ] --END-- [ RunTime:0.002000s ]
SQL: SHOW COLUMNS FROM `ff_menu` [ RunTime:0.001000s ]
SQL: SELECT * FROM `ff_menu` WHERE ( `pid` = 0 ) AND ( `hide` = 0 ) ORDER BY sort asc  [ RunTime:0.001000s ]
SQL: SELECT `id` FROM `ff_menu` WHERE ( url like 'Attraction/getvisitorfrombyprovince' ) LIMIT 1   [ RunTime:0.001000s ]
SQL: SHOW COLUMNS FROM `ff_scenic_flow_area` [ RunTime:0.002001s ]
SQL: SELECT SUM(a.user_num) age,b.shortname name FROM ff_scenic_flow_area a left join ff_area b on a.province_id = b.id  WHERE (  (`s_date` BETWEEN '20180719' AND '20180725' ) ) GROUP BY province_id ORDER BY age desc LIMIT 10   [ RunTime:0.015000s ]

[ 2018-07-26T16:06:22+08:00 ] 127.0.0.1 /index.php/Admin/Attraction/getVisitorFromByCity.html?s_day=1
INFO: [ app_begin ] --START--
INFO: Run Behavior\ReadHtmlCache [ RunTime:0.002001s ]
INFO: [ app_begin ] --END-- [ RunTime:0.002001s ]
SQL: SHOW COLUMNS FROM `ff_menu` [ RunTime:0.003000s ]
SQL: SELECT * FROM `ff_menu` WHERE ( `pid` = 0 ) AND ( `hide` = 0 ) ORDER BY sort asc  [ RunTime:0.001000s ]
SQL: SELECT `id` FROM `ff_menu` WHERE ( url like 'Attraction/getvisitorfrombycity' ) LIMIT 1   [ RunTime:0.001000s ]
SQL: SHOW COLUMNS FROM `ff_scenic_flow_area` [ RunTime:0.002000s ]
SQL: SELECT SUM(a.user_num) age,b.shortname name FROM ff_scenic_flow_area a left join ff_area b on a.city_id = b.id  WHERE (  (`s_date` BETWEEN '20180719' AND '20180725' ) ) GROUP BY city_id ORDER BY age desc LIMIT 10   [ RunTime:0.012001s ]

[ 2018-07-26T16:06:22+08:00 ] 127.0.0.1 /index.php/Admin/Attraction/getVisitorFrom.html?s_day=1
INFO: [ app_begin ] --START--
INFO: Run Behavior\ReadHtmlCache [ RunTime:0.001000s ]
INFO: [ app_begin ] --END-- [ RunTime:0.002000s ]
SQL: SHOW COLUMNS FROM `ff_menu` [ RunTime:0.001000s ]
SQL: SELECT * FROM `ff_menu` WHERE ( `pid` = 0 ) AND ( `hide` = 0 ) ORDER BY sort asc  [ RunTime:0.001000s ]
SQL: SELECT `id` FROM `ff_menu` WHERE ( url like 'Attraction/getvisitorfrom' ) LIMIT 1   [ RunTime:0.001000s ]
SQL: SHOW COLUMNS FROM `ff_scenic_flow_area` [ RunTime:0.001000s ]
SQL: SELECT SUM(a.user_num) num,b.shortname name FROM ff_scenic_flow_area a left join ff_area b on a.province_id = b.id  WHERE (  (`s_date` BETWEEN '20180719' AND '20180725' ) ) GROUP BY province_id ORDER BY user_num desc  [ RunTime:0.014000s ]

[ 2018-07-26T16:06:22+08:00 ] 127.0.0.1 /index.php/Admin/Attraction/getVisitorFromByProvince.html?s_day=1
INFO: [ app_begin ] --START--
INFO: Run Behavior\ReadHtmlCache [ RunTime:0.001000s ]
INFO: [ app_begin ] --END-- [ RunTime:0.002000s ]
SQL: SHOW COLUMNS FROM `ff_menu` [ RunTime:0.002001s ]
SQL: SELECT * FROM `ff_menu` WHERE ( `pid` = 0 ) AND ( `hide` = 0 ) ORDER BY sort asc  [ RunTime:0.001000s ]
SQL: SELECT `id` FROM `ff_menu` WHERE ( url like 'Attraction/getvisitorfrombyprovince' ) LIMIT 1   [ RunTime:0.001000s ]
SQL: SHOW COLUMNS FROM `ff_scenic_flow_area` [ RunTime:0.001000s ]
SQL: SELECT SUM(a.user_num) age,b.shortname name FROM ff_scenic_flow_area a left join ff_area b on a.province_id = b.id  WHERE (  (`s_date` BETWEEN '20180719' AND '20180725' ) ) GROUP BY province_id ORDER BY age desc LIMIT 10   [ RunTime:0.011001s ]

[ 2018-07-26T16:06:22+08:00 ] 127.0.0.1 /index.php/Admin/Attraction/getVisitorFromByCity.html
INFO: [ app_begin ] --START--
INFO: Run Behavior\ReadHtmlCache [ RunTime:0.002000s ]
INFO: [ app_begin ] --END-- [ RunTime:0.002000s ]
SQL: SHOW COLUMNS FROM `ff_menu` [ RunTime:0.002000s ]
SQL: SELECT * FROM `ff_menu` WHERE ( `pid` = 0 ) AND ( `hide` = 0 ) ORDER BY sort asc  [ RunTime:0.004000s ]
SQL: SELECT `id` FROM `ff_menu` WHERE ( url like 'Attraction/getvisitorfrombycity' ) LIMIT 1   [ RunTime:0.001000s ]
SQL: SHOW COLUMNS FROM `ff_scenic_flow_area` [ RunTime:0.002000s ]
SQL: SELECT SUM(a.user_num) age,b.shortname name FROM ff_scenic_flow_area a left join ff_area b on a.city_id = b.id  WHERE (  (`s_date` BETWEEN '20180719' AND '20180725' ) ) GROUP BY city_id ORDER BY age desc LIMIT 10   [ RunTime:0.014001s ]

[ 2018-07-26T16:06:23+08:00 ] 127.0.0.1 /index.php/Admin/Attraction/getVisitorAge.html?s_day=1
INFO: [ app_begin ] --START--
INFO: Run Behavior\ReadHtmlCache [ RunTime:0.002000s ]
INFO: [ app_begin ] --END-- [ RunTime:0.003000s ]
SQL: SHOW COLUMNS FROM `ff_menu` [ RunTime:0.001000s ]
SQL: SELECT * FROM `ff_menu` WHERE ( `pid` = 0 ) AND ( `hide` = 0 ) ORDER BY sort asc  [ RunTime:0.001000s ]
SQL: SELECT `id` FROM `ff_menu` WHERE ( url like 'Attraction/getvisitorage' ) LIMIT 1   [ RunTime:0.001000s ]
SQL: SHOW COLUMNS FROM `ff_visitor_age` [ RunTime:0.001000s ]
SQL: SELECT SUM(user_num) num,`age_phase`,avg(age_avg) age_avg FROM `ff_visitor_age` WHERE (  (`s_date` BETWEEN '20180719' AND '20180725' ) ) GROUP BY age_phase  [ RunTime:0.005000s ]

[ 2018-07-26T16:06:23+08:00 ] 127.0.0.1 /index.php/Admin/Attraction/getVisitSex.html?s_day=1
INFO: [ app_begin ] --START--
INFO: Run Behavior\ReadHtmlCache [ RunTime:0.001000s ]
INFO: [ app_begin ] --END-- [ RunTime:0.002000s ]
SQL: SHOW COLUMNS FROM `ff_menu` [ RunTime:0.001000s ]
SQL: SELECT * FROM `ff_menu` WHERE ( `pid` = 0 ) AND ( `hide` = 0 ) ORDER BY sort asc  [ RunTime:0.001000s ]
SQL: SELECT `id` FROM `ff_menu` WHERE ( url like 'Attraction/getvisitsex' ) LIMIT 1   [ RunTime:0.001000s ]
SQL: SHOW COLUMNS FROM `ff_visitor_sex` [ RunTime:0.001000s ]
SQL: SELECT SUM(male_num) men,SUM(female_num) women FROM `ff_visitor_sex` WHERE (  (`s_date` BETWEEN '20180719' AND '20180725' ) )  [ RunTime:0.001000s ]

[ 2018-07-26T16:06:23+08:00 ] 127.0.0.1 /index.php/Admin/Attraction/getVisitorAge.html?s_day=1
INFO: [ app_begin ] --START--
INFO: Run Behavior\ReadHtmlCache [ RunTime:0.001000s ]
INFO: [ app_begin ] --END-- [ RunTime:0.003000s ]
SQL: SHOW COLUMNS FROM `ff_menu` [ RunTime:0.001000s ]
SQL: SELECT * FROM `ff_menu` WHERE ( `pid` = 0 ) AND ( `hide` = 0 ) ORDER BY sort asc  [ RunTime:0.003000s ]
SQL: SELECT `id` FROM `ff_menu` WHERE ( url like 'Attraction/getvisitorage' ) LIMIT 1   [ RunTime:0.000000s ]
SQL: SHOW COLUMNS FROM `ff_visitor_age` [ RunTime:0.003000s ]
SQL: SELECT SUM(user_num) num,`age_phase`,avg(age_avg) age_avg FROM `ff_visitor_age` WHERE (  (`s_date` BETWEEN '20180719' AND '20180725' ) ) GROUP BY age_phase  [ RunTime:0.003000s ]

[ 2018-07-26T16:06:23+08:00 ] 127.0.0.1 /index.php/Admin/Attraction/getVisitorFlow.html?s_day=1
INFO: [ app_begin ] --START--
INFO: Run Behavior\ReadHtmlCache [ RunTime:0.001000s ]
INFO: [ app_begin ] --END-- [ RunTime:0.002000s ]
SQL: SHOW COLUMNS FROM `ff_menu` [ RunTime:0.002000s ]
SQL: SELECT * FROM `ff_menu` WHERE ( `pid` = 0 ) AND ( `hide` = 0 ) ORDER BY sort asc  [ RunTime:0.001000s ]
SQL: SELECT `id` FROM `ff_menu` WHERE ( url like 'Attraction/getvisitorflow' ) LIMIT 1   [ RunTime:0.001000s ]
SQL: SHOW COLUMNS FROM `ff_scenic_flow_day` [ RunTime:0.003000s ]
SQL: SELECT SUM(a.user_num) num,b.name name FROM ff_scenic_flow_day a left join ff_scenic b on a.scenic_id = b.id  WHERE (  (`s_date` BETWEEN '20180719' AND '20180725' ) ) GROUP BY scenic_id ORDER BY num desc LIMIT 10   [ RunTime:0.009001s ]

[ 2018-07-26T16:06:23+08:00 ] 127.0.0.1 /index.php/Admin/Attraction/getWeekAvg.html
INFO: [ app_begin ] --START--
INFO: Run Behavior\ReadHtmlCache [ RunTime:0.001001s ]
INFO: [ app_begin ] --END-- [ RunTime:0.002001s ]
SQL: SHOW COLUMNS FROM `ff_menu` [ RunTime:0.001000s ]
SQL: SELECT * FROM `ff_menu` WHERE ( `pid` = 0 ) AND ( `hide` = 0 ) ORDER BY sort asc  [ RunTime:0.001000s ]
SQL: SELECT `id` FROM `ff_menu` WHERE ( url like 'Attraction/getweekavg' ) LIMIT 1   [ RunTime:0.001000s ]
SQL: SHOW COLUMNS FROM `ff_visitor_stay` [ RunTime:0.002000s ]
SQL: SELECT avg(avg_day) stay_time FROM `ff_visitor_stay` WHERE (  (`s_date` BETWEEN '20180719' AND '20180725' ) ) LIMIT 1   [ RunTime:0.001000s ]
SQL: SHOW COLUMNS FROM `ff_ticket_reservations` [ RunTime:0.003000s ]
SQL: SELECT avg(day_phase) fix_time FROM `ff_ticket_reservations` WHERE (  (`s_date` BETWEEN '20180719' AND '20180725' ) ) LIMIT 1   [ RunTime:0.003001s ]
SQL: SHOW COLUMNS FROM `ff_scenic_flow_area` [ RunTime:0.002000s ]
SQL: SELECT avg(car_stay) car_time FROM `ff_scenic_flow_area` WHERE ( `car_stay` <> 0 ) AND (  (`s_date` BETWEEN '20180719' AND '20180725' ) ) LIMIT 1   [ RunTime:0.008000s ]
SQL: SHOW COLUMNS FROM `ff_visitor_age` [ RunTime:0.003000s ]
SQL: SELECT avg(age_avg) age_avg FROM `ff_visitor_age` WHERE (  (`s_date` BETWEEN '20180719' AND '20180725' ) ) LIMIT 1   [ RunTime:0.002000s ]

[ 2018-07-26T16:24:00+08:00 ] 127.0.0.1 /index.php/Admin/Attraction/getVisitorNumByDate.html?s_day=1
INFO: [ app_begin ] --START--
INFO: Run Behavior\ReadHtmlCache [ RunTime:0.001000s ]
INFO: [ app_begin ] --END-- [ RunTime:0.002000s ]
SQL: SHOW COLUMNS FROM `ff_menu` [ RunTime:0.002000s ]
SQL: SELECT * FROM `ff_menu` WHERE ( `pid` = 0 ) AND ( `hide` = 0 ) ORDER BY sort asc  [ RunTime:0.001000s ]
SQL: SELECT `id` FROM `ff_menu` WHERE ( url like 'Attraction/getvisitornumbydate' ) LIMIT 1   [ RunTime:0.000000s ]
SQL: SHOW COLUMNS FROM `ff_scenic_flow_day` [ RunTime:0.004000s ]
SQL: SELECT SUM(user_num) num,`s_date` FROM `ff_scenic_flow_day` WHERE (  (`s_date` BETWEEN '20180719' AND '20180725' ) ) GROUP BY s_date  [ RunTime:0.002001s ]

[ 2018-07-26T16:24:00+08:00 ] 127.0.0.1 /index.php/Admin/Attraction/getCarNumByDate.html?s_day=1
INFO: [ app_begin ] --START--
INFO: Run Behavior\ReadHtmlCache [ RunTime:0.001000s ]
INFO: [ app_begin ] --END-- [ RunTime:0.002000s ]
SQL: SHOW COLUMNS FROM `ff_menu` [ RunTime:0.001000s ]
SQL: SELECT * FROM `ff_menu` WHERE ( `pid` = 0 ) AND ( `hide` = 0 ) ORDER BY sort asc  [ RunTime:0.001000s ]
SQL: SELECT `id` FROM `ff_menu` WHERE ( url like 'Attraction/getcarnumbydate' ) LIMIT 1   [ RunTime:0.001000s ]
SQL: SHOW COLUMNS FROM `ff_scenic_flow_day` [ RunTime:0.004000s ]
SQL: SELECT SUM(car_num) num,`s_date` FROM `ff_scenic_flow_day` WHERE (  (`s_date` BETWEEN '20180719' AND '20180725' ) ) GROUP BY s_date  [ RunTime:0.002000s ]

[ 2018-07-26T16:24:00+08:00 ] 127.0.0.1 /index.php/Admin/Attraction/getVisitorFromByProvince.html?s_day=1
INFO: [ app_begin ] --START--
INFO: Run Behavior\ReadHtmlCache [ RunTime:0.002000s ]
INFO: [ app_begin ] --END-- [ RunTime:0.003000s ]
SQL: SHOW COLUMNS FROM `ff_menu` [ RunTime:0.001000s ]
SQL: SELECT * FROM `ff_menu` WHERE ( `pid` = 0 ) AND ( `hide` = 0 ) ORDER BY sort asc  [ RunTime:0.001000s ]
SQL: SELECT `id` FROM `ff_menu` WHERE ( url like 'Attraction/getvisitorfrombyprovince' ) LIMIT 1   [ RunTime:0.000000s ]
SQL: SHOW COLUMNS FROM `ff_scenic_flow_area` [ RunTime:0.002000s ]
SQL: SELECT SUM(a.user_num) age,b.shortname name FROM ff_scenic_flow_area a left join ff_area b on a.province_id = b.id  WHERE (  (`s_date` BETWEEN '20180719' AND '20180725' ) ) GROUP BY province_id ORDER BY age desc LIMIT 10   [ RunTime:0.012001s ]

[ 2018-07-26T16:24:00+08:00 ] 127.0.0.1 /index.php/Admin/Attraction/getVisitorFromByCity.html?s_day=1
INFO: [ app_begin ] --START--
INFO: Run Behavior\ReadHtmlCache [ RunTime:0.001000s ]
INFO: [ app_begin ] --END-- [ RunTime:0.002000s ]
SQL: SHOW COLUMNS FROM `ff_menu` [ RunTime:0.001000s ]
SQL: SELECT * FROM `ff_menu` WHERE ( `pid` = 0 ) AND ( `hide` = 0 ) ORDER BY sort asc  [ RunTime:0.002001s ]
SQL: SELECT `id` FROM `ff_menu` WHERE ( url like 'Attraction/getvisitorfrombycity' ) LIMIT 1   [ RunTime:0.001000s ]
SQL: SHOW COLUMNS FROM `ff_scenic_flow_area` [ RunTime:0.001000s ]
SQL: SELECT SUM(a.user_num) age,b.shortname name FROM ff_scenic_flow_area a left join ff_area b on a.city_id = b.id  WHERE (  (`s_date` BETWEEN '20180719' AND '20180725' ) ) GROUP BY city_id ORDER BY age desc LIMIT 10   [ RunTime:0.014001s ]

[ 2018-07-26T16:24:00+08:00 ] 127.0.0.1 /index.php/Admin/Attraction/getVisitorFrom.html?s_day=1
INFO: [ app_begin ] --START--
INFO: Run Behavior\ReadHtmlCache [ RunTime:0.003000s ]
INFO: [ app_begin ] --END-- [ RunTime:0.004000s ]
SQL: SHOW COLUMNS FROM `ff_menu` [ RunTime:0.001000s ]
SQL: SELECT * FROM `ff_menu` WHERE ( `pid` = 0 ) AND ( `hide` = 0 ) ORDER BY sort asc  [ RunTime:0.001000s ]
SQL: SELECT `id` FROM `ff_menu` WHERE ( url like 'Attraction/getvisitorfrom' ) LIMIT 1   [ RunTime:0.002001s ]
SQL: SHOW COLUMNS FROM `ff_scenic_flow_area` [ RunTime:0.002000s ]
SQL: SELECT SUM(a.user_num) num,b.shortname name FROM ff_scenic_flow_area a left join ff_area b on a.province_id = b.id  WHERE (  (`s_date` BETWEEN '20180719' AND '20180725' ) ) GROUP BY province_id ORDER BY user_num desc  [ RunTime:0.013001s ]

[ 2018-07-26T16:24:00+08:00 ] 127.0.0.1 /index.php/Admin/Attraction/getVisitorFromByProvince.html?s_day=1
INFO: [ app_begin ] --START--
INFO: Run Behavior\ReadHtmlCache [ RunTime:0.001000s ]
INFO: [ app_begin ] --END-- [ RunTime:0.002000s ]
SQL: SHOW COLUMNS FROM `ff_menu` [ RunTime:0.001000s ]
SQL: SELECT * FROM `ff_menu` WHERE ( `pid` = 0 ) AND ( `hide` = 0 ) ORDER BY sort asc  [ RunTime:0.001000s ]
SQL: SELECT `id` FROM `ff_menu` WHERE ( url like 'Attraction/getvisitorfrombyprovince' ) LIMIT 1   [ RunTime:0.001000s ]
SQL: SHOW COLUMNS FROM `ff_scenic_flow_area` [ RunTime:0.002001s ]
SQL: SELECT SUM(a.user_num) age,b.shortname name FROM ff_scenic_flow_area a left join ff_area b on a.province_id = b.id  WHERE (  (`s_date` BETWEEN '20180719' AND '20180725' ) ) GROUP BY province_id ORDER BY age desc LIMIT 10   [ RunTime:0.013000s ]

[ 2018-07-26T16:24:00+08:00 ] 127.0.0.1 /index.php/Admin/Attraction/getVisitorFromByCity.html
INFO: [ app_begin ] --START--
INFO: Run Behavior\ReadHtmlCache [ RunTime:0.002000s ]
INFO: [ app_begin ] --END-- [ RunTime:0.002000s ]
SQL: SHOW COLUMNS FROM `ff_menu` [ RunTime:0.001000s ]
SQL: SELECT * FROM `ff_menu` WHERE ( `pid` = 0 ) AND ( `hide` = 0 ) ORDER BY sort asc  [ RunTime:0.001000s ]
SQL: SELECT `id` FROM `ff_menu` WHERE ( url like 'Attraction/getvisitorfrombycity' ) LIMIT 1   [ RunTime:0.001000s ]
SQL: SHOW COLUMNS FROM `ff_scenic_flow_area` [ RunTime:0.004000s ]
SQL: SELECT SUM(a.user_num) age,b.shortname name FROM ff_scenic_flow_area a left join ff_area b on a.city_id = b.id  WHERE (  (`s_date` BETWEEN '20180719' AND '20180725' ) ) GROUP BY city_id ORDER BY age desc LIMIT 10   [ RunTime:0.010000s ]

[ 2018-07-26T16:24:00+08:00 ] 127.0.0.1 /index.php/Admin/Attraction/getVisitorAge.html?s_day=1
INFO: [ app_begin ] --START--
INFO: Run Behavior\ReadHtmlCache [ RunTime:0.002000s ]
INFO: [ app_begin ] --END-- [ RunTime:0.003000s ]
SQL: SHOW COLUMNS FROM `ff_menu` [ RunTime:0.001000s ]
SQL: SELECT * FROM `ff_menu` WHERE ( `pid` = 0 ) AND ( `hide` = 0 ) ORDER BY sort asc  [ RunTime:0.001001s ]
SQL: SELECT `id` FROM `ff_menu` WHERE ( url like 'Attraction/getvisitorage' ) LIMIT 1   [ RunTime:0.000000s ]
SQL: SHOW COLUMNS FROM `ff_visitor_age` [ RunTime:0.002000s ]
SQL: SELECT SUM(user_num) num,`age_phase`,avg(age_avg) age_avg FROM `ff_visitor_age` WHERE (  (`s_date` BETWEEN '20180719' AND '20180725' ) ) GROUP BY age_phase  [ RunTime:0.005000s ]

[ 2018-07-26T16:24:01+08:00 ] 127.0.0.1 /index.php/Admin/Attraction/getVisitSex.html?s_day=1
INFO: [ app_begin ] --START--
INFO: Run Behavior\ReadHtmlCache [ RunTime:0.001000s ]
INFO: [ app_begin ] --END-- [ RunTime:0.003000s ]
SQL: SHOW COLUMNS FROM `ff_menu` [ RunTime:0.001000s ]
SQL: SELECT * FROM `ff_menu` WHERE ( `pid` = 0 ) AND ( `hide` = 0 ) ORDER BY sort asc  [ RunTime:0.001000s ]
SQL: SELECT `id` FROM `ff_menu` WHERE ( url like 'Attraction/getvisitsex' ) LIMIT 1   [ RunTime:0.001000s ]
SQL: SHOW COLUMNS FROM `ff_visitor_sex` [ RunTime:0.001000s ]
SQL: SELECT SUM(male_num) men,SUM(female_num) women FROM `ff_visitor_sex` WHERE (  (`s_date` BETWEEN '20180719' AND '20180725' ) )  [ RunTime:0.003000s ]

[ 2018-07-26T16:24:01+08:00 ] 127.0.0.1 /index.php/Admin/Attraction/getVisitorFlow.html?s_day=1
INFO: [ app_begin ] --START--
INFO: Run Behavior\ReadHtmlCache [ RunTime:0.001000s ]
INFO: [ app_begin ] --END-- [ RunTime:0.002000s ]
SQL: SHOW COLUMNS FROM `ff_menu` [ RunTime:0.001000s ]
SQL: SELECT * FROM `ff_menu` WHERE ( `pid` = 0 ) AND ( `hide` = 0 ) ORDER BY sort asc  [ RunTime:0.001000s ]
SQL: SELECT `id` FROM `ff_menu` WHERE ( url like 'Attraction/getvisitorflow' ) LIMIT 1   [ RunTime:0.000000s ]
SQL: SHOW COLUMNS FROM `ff_scenic_flow_day` [ RunTime:0.003000s ]
SQL: SELECT SUM(a.user_num) num,b.name name FROM ff_scenic_flow_day a left join ff_scenic b on a.scenic_id = b.id  WHERE (  (`s_date` BETWEEN '20180719' AND '20180725' ) ) GROUP BY scenic_id ORDER BY num desc LIMIT 10   [ RunTime:0.002000s ]

[ 2018-07-26T16:24:01+08:00 ] 127.0.0.1 /index.php/Admin/Attraction/getVisitorAge.html?s_day=1
INFO: [ app_begin ] --START--
INFO: Run Behavior\ReadHtmlCache [ RunTime:0.001000s ]
INFO: [ app_begin ] --END-- [ RunTime:0.002000s ]
SQL: SHOW COLUMNS FROM `ff_menu` [ RunTime:0.001000s ]
SQL: SELECT * FROM `ff_menu` WHERE ( `pid` = 0 ) AND ( `hide` = 0 ) ORDER BY sort asc  [ RunTime:0.001000s ]
SQL: SELECT `id` FROM `ff_menu` WHERE ( url like 'Attraction/getvisitorage' ) LIMIT 1   [ RunTime:0.001000s ]
SQL: SHOW COLUMNS FROM `ff_visitor_age` [ RunTime:0.001000s ]
SQL: SELECT SUM(user_num) num,`age_phase`,avg(age_avg) age_avg FROM `ff_visitor_age` WHERE (  (`s_date` BETWEEN '20180719' AND '20180725' ) ) GROUP BY age_phase  [ RunTime:0.006000s ]

[ 2018-07-26T16:24:01+08:00 ] 127.0.0.1 /index.php/Admin/Attraction/getWeekAvg.html
INFO: [ app_begin ] --START--
INFO: Run Behavior\ReadHtmlCache [ RunTime:0.002000s ]
INFO: [ app_begin ] --END-- [ RunTime:0.003000s ]
SQL: SHOW COLUMNS FROM `ff_menu` [ RunTime:0.003000s ]
SQL: SELECT * FROM `ff_menu` WHERE ( `pid` = 0 ) AND ( `hide` = 0 ) ORDER BY sort asc  [ RunTime:0.001000s ]
SQL: SELECT `id` FROM `ff_menu` WHERE ( url like 'Attraction/getweekavg' ) LIMIT 1   [ RunTime:0.000000s ]
SQL: SHOW COLUMNS FROM `ff_visitor_stay` [ RunTime:0.002000s ]
SQL: SELECT avg(avg_day) stay_time FROM `ff_visitor_stay` WHERE (  (`s_date` BETWEEN '20180719' AND '20180725' ) ) LIMIT 1   [ RunTime:0.001000s ]
SQL: SHOW COLUMNS FROM `ff_ticket_reservations` [ RunTime:0.003000s ]
SQL: SELECT avg(day_phase) fix_time FROM `ff_ticket_reservations` WHERE (  (`s_date` BETWEEN '20180719' AND '20180725' ) ) LIMIT 1   [ RunTime:0.005000s ]
SQL: SHOW COLUMNS FROM `ff_scenic_flow_area` [ RunTime:0.002000s ]
SQL: SELECT avg(car_stay) car_time FROM `ff_scenic_flow_area` WHERE ( `car_stay` <> 0 ) AND (  (`s_date` BETWEEN '20180719' AND '20180725' ) ) LIMIT 1   [ RunTime:0.010001s ]
SQL: SHOW COLUMNS FROM `ff_visitor_age` [ RunTime:0.003000s ]
SQL: SELECT avg(age_avg) age_avg FROM `ff_visitor_age` WHERE (  (`s_date` BETWEEN '20180719' AND '20180725' ) ) LIMIT 1   [ RunTime:0.003000s ]

